# JRE version: Java(TM) SE Runtime Environment (8.0_25-b18) (build 1.8.0_25-b18)
# Java VM: Java HotSpot(TM) 64-Bit Server VM (25.25-b02 mixed mode windows-amd64 compressed oops)
Heap:
 PSYoungGen      total 232960K, used 96328K [0x00000000eab00000, 0x0000000100000000, 0x0000000100000000)
  eden space 116736K, 67% used [0x00000000eab00000,0x00000000ef7ca388,0x00000000f1d00000)
  from space 116224K, 15% used [0x00000000f1d00000,0x00000000f2e48000,0x00000000f8e80000)
  to   space 116224K, 0% used [0x00000000f8e80000,0x00000000f8e80000,0x0000000100000000)
 ParOldGen       total 462848K, used 351772K [0x00000000c0000000, 0x00000000dc400000, 0x00000000eab00000)
  object space 462848K, 76% used [0x00000000c0000000,0x00000000d5787288,0x00000000dc400000)
 Metaspace       used 6655K, capacity 7320K, committed 7680K, reserved 1056768K
  class space    used 626K, capacity 656K, committed 768K, reserved 1048576K
GC Heap History (10 events):
Event: 7.476 GC heap before
{Heap before GC invocations=18 (full 2):
 PSYoungGen      total 232960K, used 221527K [0x00000000eab00000, 0x0000000100000000, 0x0000000100000000)
  eden space 116736K, 100% used [0x00000000eab00000,0x00000000f1d00000,0x00000000f1d00000)
  from space 116224K, 90% used [0x00000000f1d00000,0x00000000f8355fe8,0x00000000f8e80000)
  to   space 116224K, 0% used [0x00000000f8e80000,0x00000000f8e80000,0x0000000100000000)
 ParOldGen       total 294912K, used 198197K [0x00000000c0000000, 0x00000000d2000000, 0x00000000eab00000)
  object space 294912K, 67% used [0x00000000c0000000,0x00000000cc18d748,0x00000000d2000000)
 Metaspace       used 6594K, capacity 7320K, committed 7680K, reserved 1056768K
  class space    used 620K, capacity 656K, committed 768K, reserved 1048576K
Event: 7.549 GC heap after
Heap after GC invocations=18 (full 2):
 PSYoungGen      total 232960K, used 82987K [0x00000000eab00000, 0x0000000100000000, 0x0000000100000000)
  eden space 116736K, 0% used [0x00000000eab00000,0x00000000eab00000,0x00000000f1d00000)
  from space 116224K, 71% used [0x00000000f8e80000,0x00000000fdf8ad90,0x0000000100000000)
  to   space 116224K, 0% used [0x00000000f1d00000,0x00000000f1d00000,0x00000000f8e80000)
 ParOldGen       total 294912K, used 237840K [0x00000000c0000000, 0x00000000d2000000, 0x00000000eab00000)
  object space 294912K, 80% used [0x00000000c0000000,0x00000000ce844298,0x00000000d2000000)
 Metaspace       used 6594K, capacity 7320K, committed 7680K, reserved 1056768K
  class space    used 620K, capacity 656K, committed 768K, reserved 1048576K
}
Event: 7.766 GC heap before
{Heap before GC invocations=19 (full 2):
 PSYoungGen      total 232960K, used 199723K [0x00000000eab00000, 0x0000000100000000, 0x0000000100000000)
  eden space 116736K, 100% used [0x00000000eab00000,0x00000000f1d00000,0x00000000f1d00000)
  from space 116224K, 71% used [0x00000000f8e80000,0x00000000fdf8ad90,0x0000000100000000)
  to   space 116224K, 0% used [0x00000000f1d00000,0x00000000f1d00000,0x00000000f8e80000)
 ParOldGen       total 294912K, used 237840K [0x00000000c0000000, 0x00000000d2000000, 0x00000000eab00000)
  object space 294912K, 80% used [0x00000000c0000000,0x00000000ce844298,0x00000000d2000000)
 Metaspace       used 6594K, capacity 7320K, committed 7680K, reserved 1056768K
  class space    used 620K, capacity 656K, committed 768K, reserved 1048576K
Event: 7.828 GC heap after
Heap after GC invocations=19 (full 2):
 PSYoungGen      total 232960K, used 53302K [0x00000000eab00000, 0x0000000100000000, 0x0000000100000000)
  eden space 116736K, 0% used [0x00000000eab00000,0x00000000eab00000,0x00000000f1d00000)
  from space 116224K, 45% used [0x00000000f1d00000,0x00000000f510d800,0x00000000f8e80000)
  to   space 116224K, 0% used [0x00000000f8e80000,0x00000000f8e80000,0x0000000100000000)
 ParOldGen       total 294912K, used 284646K [0x00000000c0000000, 0x00000000d2000000, 0x00000000eab00000)
  object space 294912K, 96% used [0x00000000c0000000,0x00000000d15f9b28,0x00000000d2000000)
 Metaspace       used 6594K, capacity 7320K, committed 7680K, reserved 1056768K
  class space    used 620K, capacity 656K, committed 768K, reserved 1048576K
}
Event: 7.828 GC heap before
{Heap before GC invocations=20 (full 3):
 PSYoungGen      total 232960K, used 53302K [0x00000000eab00000, 0x0000000100000000, 0x0000000100000000)
  eden space 116736K, 0% used [0x00000000eab00000,0x00000000eab00000,0x00000000f1d00000)
  from space 116224K, 45% used [0x00000000f1d00000,0x00000000f510d800,0x00000000f8e80000)
  to   space 116224K, 0% used [0x00000000f8e80000,0x00000000f8e80000,0x0000000100000000)
 ParOldGen       total 294912K, used 284646K [0x00000000c0000000, 0x00000000d2000000, 0x00000000eab00000)
  object space 294912K, 96% used [0x00000000c0000000,0x00000000d15f9b28,0x00000000d2000000)
 Metaspace       used 6594K, capacity 7320K, committed 7680K, reserved 1056768K
  class space    used 620K, capacity 656K, committed 768K, reserved 1048576K
Event: 9.113 GC heap after
Heap after GC invocations=20 (full 3):
 PSYoungGen      total 232960K, used 38692K [0x00000000eab00000, 0x0000000100000000, 0x0000000100000000)
  eden space 116736K, 0% used [0x00000000eab00000,0x00000000eab00000,0x00000000f1d00000)
  from space 116224K, 33% used [0x00000000f1d00000,0x00000000f42c9108,0x00000000f8e80000)
  to   space 116224K, 0% used [0x00000000f8e80000,0x00000000f8e80000,0x0000000100000000)
 ParOldGen       total 462848K, used 294447K [0x00000000c0000000, 0x00000000dc400000, 0x00000000eab00000)
  object space 462848K, 63% used [0x00000000c0000000,0x00000000d1f8bdd8,0x00000000dc400000)
 Metaspace       used 6594K, capacity 7320K, committed 7680K, reserved 1056768K
  class space    used 620K, capacity 656K, committed 768K, reserved 1048576K
}
Event: 9.361 GC heap before
{Heap before GC invocations=21 (full 3):
 PSYoungGen      total 232960K, used 155428K [0x00000000eab00000, 0x0000000100000000, 0x0000000100000000)
  eden space 116736K, 100% used [0x00000000eab00000,0x00000000f1d00000,0x00000000f1d00000)
  from space 116224K, 33% used [0x00000000f1d00000,0x00000000f42c9108,0x00000000f8e80000)
  to   space 116224K, 0% used [0x00000000f8e80000,0x00000000f8e80000,0x0000000100000000)
 ParOldGen       total 462848K, used 294447K [0x00000000c0000000, 0x00000000dc400000, 0x00000000eab00000)
  object space 462848K, 63% used [0x00000000c0000000,0x00000000d1f8bdd8,0x00000000dc400000)
 Metaspace       used 6595K, capacity 7320K, committed 7680K, reserved 1056768K
  class space    used 620K, capacity 656K, committed 768K, reserved 1048576K
Event: 9.449 GC heap after
Heap after GC invocations=21 (full 3):
 PSYoungGen      total 232960K, used 35188K [0x00000000eab00000, 0x0000000100000000, 0x0000000100000000)
  eden space 116736K, 0% used [0x00000000eab00000,0x00000000eab00000,0x00000000f1d00000)
  from space 116224K, 30% used [0x00000000f8e80000,0x00000000fb0dd3f0,0x0000000100000000)
  to   space 116224K, 0% used [0x00000000f1d00000,0x00000000f1d00000,0x00000000f8e80000)
 ParOldGen       total 462848K, used 317668K [0x00000000c0000000, 0x00000000dc400000, 0x00000000eab00000)
  object space 462848K, 68% used [0x00000000c0000000,0x00000000d36390f0,0x00000000dc400000)
 Metaspace       used 6595K, capacity 7320K, committed 7680K, reserved 1056768K
  class space    used 620K, capacity 656K, committed 768K, reserved 1048576K
}
Event: 9.690 GC heap before
{Heap before GC invocations=22 (full 3):
 PSYoungGen      total 232960K, used 151924K [0x00000000eab00000, 0x0000000100000000, 0x0000000100000000)
  eden space 116736K, 100% used [0x00000000eab00000,0x00000000f1d00000,0x00000000f1d00000)
  from space 116224K, 30% used [0x00000000f8e80000,0x00000000fb0dd3f0,0x0000000100000000)
  to   space 116224K, 0% used [0x00000000f1d00000,0x00000000f1d00000,0x00000000f8e80000)
 ParOldGen       total 462848K, used 317668K [0x00000000c0000000, 0x00000000dc400000, 0x00000000eab00000)
  object space 462848K, 68% used [0x00000000c0000000,0x00000000d36390f0,0x00000000dc400000)
 Metaspace       used 6595K, capacity 7320K, committed 7680K, reserved 1056768K
  class space    used 620K, capacity 656K, committed 768K, reserved 1048576K
Event: 9.740 GC heap after
Heap after GC invocations=22 (full 3):
 PSYoungGen      total 232960K, used 17696K [0x00000000eab00000, 0x0000000100000000, 0x0000000100000000)
  eden space 116736K, 0% used [0x00000000eab00000,0x00000000eab00000,0x00000000f1d00000)
  from space 116224K, 15% used [0x00000000f1d00000,0x00000000f2e48000,0x00000000f8e80000)
  to   space 116224K, 0% used [0x00000000f8e80000,0x00000000f8e80000,0x0000000100000000)
 ParOldGen       total 462848K, used 351772K [0x00000000c0000000, 0x00000000dc400000, 0x00000000eab00000)
  object space 462848K, 76% used [0x00000000c0000000,0x00000000d5787288,0x00000000dc400000)
 Metaspace       used 6595K, capacity 7320K, committed 7680K, reserved 1056768K
  class space    used 620K, capacity 656K, committed 768K, reserved 1048576K
}

